SF:lib/state/app_state.dart
DA:18,1
DA:19,2
DA:20,2
DA:21,3
DA:22,1
DA:23,3
DA:25,4
DA:27,7
DA:28,2
LF:9
LH:9
end_of_record
SF:lib/state/subclasses/tile_container_state.dart
DA:9,1
LF:1
LH:1
end_of_record
SF:lib/widgets/tile_container.dart
DA:14,2
DA:16,1
DA:17,1
DA:23,1
DA:25,3
DA:26,2
DA:27,0
DA:28,0
DA:32,1
DA:33,1
DA:35,1
DA:36,7
DA:41,0
DA:42,0
DA:43,0
DA:46,0
DA:50,0
DA:51,0
DA:53,0
DA:58,1
DA:59,1
DA:60,2
DA:61,2
DA:64,9
DA:66,0
DA:68,0
DA:69,0
DA:74,0
DA:75,0
LF:29
LH:15
end_of_record
SF:lib/widgets/flex_column.dart
DA:9,1
DA:11,1
DA:12,1
DA:13,1
DA:16,1
DA:19,1
DA:26,1
DA:28,1
DA:30,1
DA:31,1
DA:33,1
DA:35,1
DA:36,1
DA:37,1
DA:38,1
DA:39,2
LF:16
LH:16
end_of_record
SF:lib/widgets/game_tile.dart
DA:5,1
DA:14,0
DA:15,0
DA:16,0
DA:18,0
DA:22,0
DA:23,0
DA:25,0
DA:26,0
DA:31,0
DA:33,0
DA:34,0
DA:35,0
DA:36,0
DA:37,0
DA:38,0
DA:39,0
DA:40,0
DA:45,0
DA:46,0
DA:47,0
DA:50,1
DA:51,3
DA:52,1
DA:55,1
DA:56,1
DA:57,3
DA:66,0
LF:28
LH:7
end_of_record
SF:lib/state/actions/update_colors_action.dart
DA:10,0
LF:1
LH:0
end_of_record
